2024-08-30 03:17:45,134 - Special key pressed: Key.ctrl
2024-08-30 03:17:45,398 - Key pressed: z
2024-08-30 05:15:01,566 - Key pressed: b
2024-08-30 05:15:01,678 - Key pressed: f
2024-08-30 05:15:01,688 - Key pressed: j
2024-08-30 05:15:01,691 - Key pressed: k
2024-08-30 05:15:01,949 - Key pressed: f
2024-08-30 05:15:01,949 - Key pressed: b
2024-08-30 05:15:02,098 - Key pressed: i
2024-08-30 05:15:02,146 - Key pressed: u
2024-08-30 05:15:02,313 - Key pressed: f
2024-08-30 05:15:02,313 - Key pressed: b
2024-08-30 05:15:02,633 - Special key pressed: Key.enter
2024-08-30 05:15:03,483 - Key pressed: f
2024-08-30 05:15:03,674 - Key pressed: i
2024-08-30 05:15:03,778 - Key pressed: h
2024-08-30 05:15:04,093 - Key pressed: a
2024-08-30 05:15:04,204 - Special key pressed: Key.enter
2024-08-30 05:15:04,933 - Special key pressed: Key.ctrl
2024-08-30 05:15:05,196 - Key pressed: z
2024-08-30 05:16:31,801 - Special key pressed: Key.up
2024-08-30 05:16:32,275 - Special key pressed: Key.up
2024-08-30 05:16:32,822 - Special key pressed: Key.up
2024-08-30 05:16:33,372 - Special key pressed: Key.backspace
2024-08-30 05:16:33,872 - Special key pressed: Key.backspace
2024-08-30 05:16:33,923 - Special key pressed: Key.backspace
2024-08-30 05:16:33,974 - Special key pressed: Key.backspace
2024-08-30 05:16:34,026 - Special key pressed: Key.backspace
2024-08-30 05:16:34,076 - Special key pressed: Key.backspace
2024-08-30 05:16:34,126 - Special key pressed: Key.backspace
2024-08-30 05:16:34,177 - Special key pressed: Key.backspace
2024-08-30 05:16:34,228 - Special key pressed: Key.backspace
2024-08-30 05:16:34,279 - Special key pressed: Key.backspace
2024-08-30 05:16:34,330 - Special key pressed: Key.backspace
2024-08-30 05:16:34,382 - Special key pressed: Key.backspace
2024-08-30 05:16:34,780 - Special key pressed: Key.ctrl
2024-08-30 05:16:34,966 - Key pressed: z
2024-08-30 05:19:09,522 - Special key pressed: Key.ctrl
2024-08-30 05:19:09,766 - Key pressed: z
2024-09-03 00:40:00,120 - Key pressed: s
2024-09-03 00:40:00,130 - Key pressed: g
2024-09-03 00:40:03,342 - Special key pressed: Key.backspace
2024-09-03 00:40:03,597 - Special key pressed: Key.backspace
2024-09-03 00:40:03,866 - Special key pressed: Key.backspace
2024-09-03 00:40:07,700 - Special key pressed: Key.ctrl
2024-09-03 00:40:07,960 - Key pressed: z
2024-09-03 00:47:31,313 - Special key pressed: Key.ctrl
